TN:
SF:src/db.ts
FNF:0
FNH:0
DA:1,1
DA:2,1
DA:3,1
DA:5,1
DA:7,1
DA:8,1
DA:10,1
LF:7
LH:7
BRF:0
BRH:0
end_of_record
TN:
SF:src/index.ts
FN:29,(anonymous_1)
FNF:1
FNH:0
FNDA:0,(anonymous_1)
DA:1,1
DA:2,1
DA:3,1
DA:4,1
DA:5,1
DA:6,1
DA:7,1
DA:8,1
DA:9,1
DA:10,1
DA:12,1
DA:14,1
DA:15,1
DA:17,1
DA:18,1
DA:19,1
DA:20,1
DA:22,1
DA:23,1
DA:24,1
DA:26,1
DA:28,1
DA:29,0
DA:30,0
LF:24
LH:22
BRDA:15,0,0,1
BRDA:15,0,1,0
BRDA:28,1,0,0
BRDA:28,1,1,1
BRF:4
BRH:2
end_of_record
TN:
SF:src/logger/logging.ts
FN:4,logger
FN:7,(anonymous_2)
FNF:2
FNH:2
FNDA:1,logger
FNDA:1,(anonymous_2)
DA:2,1
DA:4,1
DA:5,1
DA:7,1
DA:8,1
DA:10,1
DA:11,1
DA:13,1
DA:16,1
LF:9
LH:9
BRF:0
BRH:0
end_of_record
TN:
SF:src/logger/winstonLogger.ts
FN:22,(anonymous_9)
FNF:1
FNH:1
FNDA:2,(anonymous_9)
DA:1,1
DA:3,1
DA:11,1
DA:19,1
DA:23,2
DA:27,1
DA:37,1
DA:39,1
LF:8
LH:8
BRDA:23,0,0,2
BRDA:23,0,1,1
BRF:2
BRH:2
end_of_record
TN:
SF:src/middleware/errorMiddleware.ts
FN:4,errorHandler
FNF:1
FNH:1
FNDA:1,errorHandler
DA:2,1
DA:4,1
DA:5,1
DA:7,1
DA:9,1
DA:11,0
DA:16,0
DA:21,0
DA:26,0
DA:31,0
DA:37,1
DA:43,1
LF:12
LH:7
BRDA:5,0,0,1
BRDA:5,0,1,0
BRDA:7,1,0,1
BRDA:7,1,1,1
BRDA:9,2,0,0
BRDA:9,2,1,0
BRDA:9,2,2,0
BRDA:9,2,3,0
BRDA:9,2,4,0
BRDA:9,2,5,1
BRDA:9,2,6,1
BRDA:12,3,0,0
BRDA:12,3,1,0
BRDA:32,4,0,0
BRDA:32,4,1,0
BRF:15
BRH:5
end_of_record
TN:
SF:src/routes/habit.ts
FN:6,(anonymous_0)
FN:22,(anonymous_1)
FN:44,(anonymous_2)
FN:92,(anonymous_3)
FNF:4
FNH:1
FNDA:1,(anonymous_0)
FNDA:0,(anonymous_1)
FNDA:0,(anonymous_2)
FNDA:0,(anonymous_3)
DA:1,1
DA:2,1
DA:4,1
DA:6,1
DA:7,1
DA:8,1
DA:9,1
DA:11,1
DA:12,0
DA:15,0
DA:18,1
DA:22,1
DA:23,0
DA:24,0
DA:26,0
DA:27,0
DA:30,0
DA:31,0
DA:32,0
DA:35,0
DA:37,0
DA:40,0
DA:44,1
DA:45,0
DA:46,0
DA:48,0
DA:49,0
DA:56,0
DA:58,0
DA:63,0
DA:66,0
DA:68,0
DA:69,0
DA:72,0
DA:83,0
DA:88,0
DA:92,1
DA:93,0
DA:94,0
DA:104,0
DA:106,0
DA:113,0
DA:116,0
DA:117,0
DA:118,0
DA:119,0
DA:121,0
DA:123,0
DA:149,0
DA:154,0
LF:50
LH:12
BRDA:11,0,0,0
BRDA:11,0,1,0
BRDA:26,1,0,0
BRDA:26,1,1,0
BRDA:31,2,0,0
BRDA:31,2,1,0
BRDA:48,3,0,0
BRDA:48,3,1,0
BRDA:58,4,0,0
BRDA:58,4,1,0
BRDA:59,5,0,0
BRDA:59,5,1,0
BRDA:59,5,2,0
BRDA:68,6,0,0
BRDA:68,6,1,0
BRDA:106,7,0,0
BRDA:106,7,1,0
BRDA:107,8,0,0
BRDA:107,8,1,0
BRDA:107,8,2,0
BRDA:107,8,3,0
BRDA:107,8,4,0
BRDA:107,8,5,0
BRDA:107,8,6,0
BRDA:107,8,7,0
BRDA:107,8,8,0
BRF:26
BRH:0
end_of_record
TN:
SF:src/routes/profile.ts
FN:6,(anonymous_0)
FN:40,(anonymous_1)
FNF:2
FNH:0
FNDA:0,(anonymous_0)
FNDA:0,(anonymous_1)
DA:1,1
DA:2,1
DA:4,1
DA:6,1
DA:7,0
DA:8,0
DA:10,0
DA:11,0
DA:14,0
DA:31,0
DA:36,0
DA:40,1
DA:41,0
DA:42,0
DA:44,0
DA:45,0
DA:48,0
DA:49,0
DA:50,0
DA:53,0
DA:55,0
DA:57,0
LF:22
LH:5
BRDA:10,0,0,0
BRDA:10,0,1,0
BRDA:44,1,0,0
BRDA:44,1,1,0
BRDA:49,2,0,0
BRDA:49,2,1,0
BRF:6
BRH:0
end_of_record
TN:
SF:src/routes/settings.ts
FN:6,(anonymous_0)
FN:34,(anonymous_1)
FN:64,(anonymous_2)
FNF:3
FNH:0
FNDA:0,(anonymous_0)
FNDA:0,(anonymous_1)
FNDA:0,(anonymous_2)
DA:1,1
DA:2,1
DA:4,1
DA:6,1
DA:7,0
DA:8,0
DA:9,0
DA:11,0
DA:12,0
DA:15,0
DA:21,0
DA:22,0
DA:25,0
DA:30,0
DA:34,1
DA:35,0
DA:36,0
DA:37,0
DA:39,0
DA:41,0
DA:42,0
DA:45,0
DA:52,0
DA:53,0
DA:56,0
DA:60,0
DA:64,1
DA:65,0
DA:66,0
DA:68,0
DA:69,0
DA:72,0
DA:78,0
DA:79,0
DA:82,0
DA:86,0
LF:36
LH:6
BRDA:11,0,0,0
BRDA:11,0,1,0
BRDA:11,1,0,0
BRDA:11,1,1,0
BRDA:21,2,0,0
BRDA:21,2,1,0
BRDA:41,3,0,0
BRDA:41,3,1,0
BRDA:52,4,0,0
BRDA:52,4,1,0
BRDA:68,5,0,0
BRDA:68,5,1,0
BRDA:78,6,0,0
BRDA:78,6,1,0
BRF:14
BRH:0
end_of_record
